Build started 5/1/2012 18:56:38.
     1>Project "C:\Workspace\Graphics Projects\Animator\AniSkelS12\Animator.vcxproj" on node 2 (build target(s)).
     1>InitializeBuildStatus:
         Creating ".\Debug\modeler.unsuccessfulbuild" because "AlwaysCreate" was specified.
       ClCompile:
         C:\Microsoft Visual Studio 10.0\VC\bin\CL.exe /c /Ilocal/include /ZI /nologo /W3 /WX- /Od /Oy- /D WIN32 /D _DEBUG /D _CONSOLE /D SAMPLE_SOLUTION /D _VC80_UPGRADE=0x0600 /D _MBCS /Gm /EHsc /RTC1 /MDd /GS /fp:precise /Zc:wchar_t /Zc:forScope /Fo".\Debug/" /Fd".\Debug/vc100.pdb" /FR".\Debug\\" /Gd /TP /analyze- /errorReport:prompt particle.cpp
         particle.cpp
       ManifestResourceCompile:
         All outputs are up-to-date.
       Link:
         C:\Microsoft Visual Studio 10.0\VC\bin\link.exe /ERRORREPORT:PROMPT /OUT:".\Debug\modeler.exe" /INCREMENTAL /NOLOGO opengl32.lib glu32.lib wsock32.lib local/lib/fltk.lib odbc32.lib odbccp32.lib kernel32.lib user32.lib gdi32.lib winspool.lib comdlg32.lib advapi32.lib shell32.lib ole32.lib oleaut32.lib uuid.lib odbc32.lib odbccp32.lib /NODEFAULTLIB:libcmt /NODEFAULTLIB:libcmtb /NODEFAULTLIB:msvcrt /MANIFEST /ManifestFile:".\Debug\modeler.exe.intermediate.manifest" /MANIFESTUAC:"level='asInvoker' uiAccess='false'" /DEBUG /PDB:".\Debug/Animator.pdb" /SUBSYSTEM:CONSOLE /TLBID:1 /DYNAMICBASE:NO /IMPLIB:".\Debug\modeler.lib" /MACHINE:X86 .\Debug\modeler.exe.embed.manifest.res
         .\Debug/beziercurve.obj
         .\Debug/bsplinecurve.obj
         .\Debug/catmullromcurve.obj
         .\Debug/curve.obj
         .\Debug/curveevaluator.obj
         .\Debug/force.obj
         .\Debug/linearcurveevaluator.obj
         .\Debug/camera.obj
         .\Debug/marching_cube.obj
         .\Debug/meta_drawing.obj
         .\Debug/modelerapp.obj
         .\Debug/modelerdraw.obj
         .\Debug/modelerui.obj
         .\Debug/modeleruiwindows.obj
         .\Debug/modelerview.obj
         .\Debug/bitmap.obj
         .\Debug/particle.obj
         .\Debug/particleSystem.obj
         .\Debug/point.obj
         .\Debug/pointObj.obj
         .\Debug/graphwidget.obj
         .\Debug/indicatorwindow.obj
         .\Debug/rect.obj
         .\Debug/rulerwindow.obj
         .\Debug/spider.obj
       Manifest:
         C:\Program Files (x86)\Microsoft SDKs\Windows\v7.0A\bin\mt.exe /nologo /verbose /out:".\Debug\modeler.exe.embed.manifest" /manifest .\Debug\modeler.exe.intermediate.manifest
         All outputs are up-to-date.
       LinkEmbedManifest:
         All outputs are up-to-date.
         Animator.vcxproj -> C:\Workspace\Graphics Projects\Animator\AniSkelS12\.\Debug\modeler.exe
       BscMake:
         C:\Microsoft Visual Studio 10.0\VC\bin\bscmake.exe /nologo /o".\Debug/Animator.bsc" .\Debug\beziercurve.sbr .\Debug\bsplinecurve.sbr .\Debug\catmullromcurve.sbr .\Debug\curve.sbr .\Debug\curveevaluator.sbr .\Debug\force.sbr .\Debug\linearcurveevaluator.sbr .\Debug\camera.sbr .\Debug\marching_cube.sbr .\Debug\meta_drawing.sbr .\Debug\modelerapp.sbr .\Debug\modelerdraw.sbr .\Debug\modelerui.sbr .\Debug\modeleruiwindows.sbr .\Debug\modelerview.sbr .\Debug\bitmap.sbr .\Debug\particle.sbr .\Debug\particleSystem.sbr .\Debug\point.sbr .\Debug\pointObj.sbr .\Debug\graphwidget.sbr .\Debug\indicatorwindow.sbr .\Debug\rect.sbr .\Debug\rulerwindow.sbr .\Debug\spider.sbr
       FinalizeBuildStatus:
         Deleting file ".\Debug\modeler.unsuccessfulbuild".
         Touching ".\Debug\modeler.lastbuildstate".
     1>Done Building Project "C:\Workspace\Graphics Projects\Animator\AniSkelS12\Animator.vcxproj" (build target(s)).

Build succeeded.

Time Elapsed 00:00:16.02
