C:\Workspace\Graphics Projects\Animator\AniSkelS12\.\Debug\modeler.exe.intermediate.manifest
C:\WORKSPACE\GRAPHICS PROJECTS\ANIMATOR\ANISKELS12\DEBUG\ANIMATOR.BSC
C:\Workspace\Graphics Projects\Animator\AniSkelS12\Debug\Animator.pdb
C:\WORKSPACE\GRAPHICS PROJECTS\ANIMATOR\ANISKELS12\DEBUG\BEZIERCURVE.OBJ
C:\WORKSPACE\GRAPHICS PROJECTS\ANIMATOR\ANISKELS12\DEBUG\BEZIERCURVE.SBR
C:\WORKSPACE\GRAPHICS PROJECTS\ANIMATOR\ANISKELS12\DEBUG\BITMAP.OBJ
C:\WORKSPACE\GRAPHICS PROJECTS\ANIMATOR\ANISKELS12\DEBUG\BITMAP.SBR
C:\Workspace\Graphics Projects\Animator\AniSkelS12\Debug\BscMake.command.1.tlog
C:\Workspace\Graphics Projects\Animator\AniSkelS12\Debug\bscmake.read.1.tlog
C:\Workspace\Graphics Projects\Animator\AniSkelS12\Debug\bscmake.write.1.tlog
C:\WORKSPACE\GRAPHICS PROJECTS\ANIMATOR\ANISKELS12\DEBUG\BSPLINECURVE.OBJ
C:\WORKSPACE\GRAPHICS PROJECTS\ANIMATOR\ANISKELS12\DEBUG\BSPLINECURVE.SBR
C:\WORKSPACE\GRAPHICS PROJECTS\ANIMATOR\ANISKELS12\DEBUG\CAMERA.OBJ
C:\WORKSPACE\GRAPHICS PROJECTS\ANIMATOR\ANISKELS12\DEBUG\CAMERA.SBR
C:\WORKSPACE\GRAPHICS PROJECTS\ANIMATOR\ANISKELS12\DEBUG\CATMULLROMCURVE.OBJ
C:\WORKSPACE\GRAPHICS PROJECTS\ANIMATOR\ANISKELS12\DEBUG\CATMULLROMCURVE.SBR
C:\Workspace\Graphics Projects\Animator\AniSkelS12\Debug\cl.command.1.tlog
C:\Workspace\Graphics Projects\Animator\AniSkelS12\Debug\CL.read.1.tlog
C:\Workspace\Graphics Projects\Animator\AniSkelS12\Debug\CL.write.1.tlog
C:\WORKSPACE\GRAPHICS PROJECTS\ANIMATOR\ANISKELS12\DEBUG\CURVE.OBJ
C:\WORKSPACE\GRAPHICS PROJECTS\ANIMATOR\ANISKELS12\DEBUG\CURVE.SBR
C:\WORKSPACE\GRAPHICS PROJECTS\ANIMATOR\ANISKELS12\DEBUG\CURVEEVALUATOR.OBJ
C:\WORKSPACE\GRAPHICS PROJECTS\ANIMATOR\ANISKELS12\DEBUG\CURVEEVALUATOR.SBR
C:\WORKSPACE\GRAPHICS PROJECTS\ANIMATOR\ANISKELS12\DEBUG\FORCE.OBJ
C:\WORKSPACE\GRAPHICS PROJECTS\ANIMATOR\ANISKELS12\DEBUG\FORCE.SBR
C:\WORKSPACE\GRAPHICS PROJECTS\ANIMATOR\ANISKELS12\DEBUG\GRAPHWIDGET.OBJ
C:\WORKSPACE\GRAPHICS PROJECTS\ANIMATOR\ANISKELS12\DEBUG\GRAPHWIDGET.SBR
C:\WORKSPACE\GRAPHICS PROJECTS\ANIMATOR\ANISKELS12\DEBUG\INDICATORWINDOW.OBJ
C:\WORKSPACE\GRAPHICS PROJECTS\ANIMATOR\ANISKELS12\DEBUG\INDICATORWINDOW.SBR
C:\WORKSPACE\GRAPHICS PROJECTS\ANIMATOR\ANISKELS12\DEBUG\LINEARCURVEEVALUATOR.OBJ
C:\WORKSPACE\GRAPHICS PROJECTS\ANIMATOR\ANISKELS12\DEBUG\LINEARCURVEEVALUATOR.SBR
C:\Workspace\Graphics Projects\Animator\AniSkelS12\Debug\link.1432.read.1.tlog
C:\Workspace\Graphics Projects\Animator\AniSkelS12\Debug\link.1432.write.1.tlog
C:\Workspace\Graphics Projects\Animator\AniSkelS12\Debug\link.1432-cvtres.read.1.tlog
C:\Workspace\Graphics Projects\Animator\AniSkelS12\Debug\link.1432-cvtres.write.1.tlog
C:\Workspace\Graphics Projects\Animator\AniSkelS12\Debug\link.1452.read.1.tlog
C:\Workspace\Graphics Projects\Animator\AniSkelS12\Debug\link.1452.write.1.tlog
C:\Workspace\Graphics Projects\Animator\AniSkelS12\Debug\link.1452-cvtres.read.1.tlog
C:\Workspace\Graphics Projects\Animator\AniSkelS12\Debug\link.1452-cvtres.write.1.tlog
C:\Workspace\Graphics Projects\Animator\AniSkelS12\Debug\link.1780.read.1.tlog
C:\Workspace\Graphics Projects\Animator\AniSkelS12\Debug\link.1780.write.1.tlog
C:\Workspace\Graphics Projects\Animator\AniSkelS12\Debug\link.1780-cvtres.read.1.tlog
C:\Workspace\Graphics Projects\Animator\AniSkelS12\Debug\link.1780-cvtres.write.1.tlog
C:\Workspace\Graphics Projects\Animator\AniSkelS12\Debug\link.2376.read.1.tlog
C:\Workspace\Graphics Projects\Animator\AniSkelS12\Debug\link.2376.write.1.tlog
C:\Workspace\Graphics Projects\Animator\AniSkelS12\Debug\link.2376-cvtres.read.1.tlog
C:\Workspace\Graphics Projects\Animator\AniSkelS12\Debug\link.2376-cvtres.write.1.tlog
C:\Workspace\Graphics Projects\Animator\AniSkelS12\Debug\link.2880.read.1.tlog
C:\Workspace\Graphics Projects\Animator\AniSkelS12\Debug\link.2880.write.1.tlog
C:\Workspace\Graphics Projects\Animator\AniSkelS12\Debug\link.2880-cvtres.read.1.tlog
C:\Workspace\Graphics Projects\Animator\AniSkelS12\Debug\link.2880-cvtres.write.1.tlog
C:\Workspace\Graphics Projects\Animator\AniSkelS12\Debug\link.312.read.1.tlog
C:\Workspace\Graphics Projects\Animator\AniSkelS12\Debug\link.312.write.1.tlog
C:\Workspace\Graphics Projects\Animator\AniSkelS12\Debug\link.312-cvtres.read.1.tlog
C:\Workspace\Graphics Projects\Animator\AniSkelS12\Debug\link.312-cvtres.write.1.tlog
C:\Workspace\Graphics Projects\Animator\AniSkelS12\Debug\link.3480.read.1.tlog
C:\Workspace\Graphics Projects\Animator\AniSkelS12\Debug\link.3480.write.1.tlog
C:\Workspace\Graphics Projects\Animator\AniSkelS12\Debug\link.3480-cvtres.read.1.tlog
C:\Workspace\Graphics Projects\Animator\AniSkelS12\Debug\link.3480-cvtres.write.1.tlog
C:\Workspace\Graphics Projects\Animator\AniSkelS12\Debug\link.4012.read.1.tlog
C:\Workspace\Graphics Projects\Animator\AniSkelS12\Debug\link.4012.write.1.tlog
C:\Workspace\Graphics Projects\Animator\AniSkelS12\Debug\link.4012-cvtres.read.1.tlog
C:\Workspace\Graphics Projects\Animator\AniSkelS12\Debug\link.4012-cvtres.write.1.tlog
C:\Workspace\Graphics Projects\Animator\AniSkelS12\Debug\link.4548.read.1.tlog
C:\Workspace\Graphics Projects\Animator\AniSkelS12\Debug\link.4548.write.1.tlog
C:\Workspace\Graphics Projects\Animator\AniSkelS12\Debug\link.4548-cvtres.read.1.tlog
C:\Workspace\Graphics Projects\Animator\AniSkelS12\Debug\link.4548-cvtres.write.1.tlog
C:\Workspace\Graphics Projects\Animator\AniSkelS12\Debug\link.4868.read.1.tlog
C:\Workspace\Graphics Projects\Animator\AniSkelS12\Debug\link.4868.write.1.tlog
C:\Workspace\Graphics Projects\Animator\AniSkelS12\Debug\link.4868-cvtres.read.1.tlog
C:\Workspace\Graphics Projects\Animator\AniSkelS12\Debug\link.4868-cvtres.write.1.tlog
C:\Workspace\Graphics Projects\Animator\AniSkelS12\Debug\link.command.1.tlog
C:\Workspace\Graphics Projects\Animator\AniSkelS12\Debug\link.read.1.tlog
C:\Workspace\Graphics Projects\Animator\AniSkelS12\Debug\link.write.1.tlog
C:\Workspace\Graphics Projects\Animator\AniSkelS12\Debug\link-cvtres.read.1.tlog
C:\Workspace\Graphics Projects\Animator\AniSkelS12\Debug\link-cvtres.write.1.tlog
C:\WORKSPACE\GRAPHICS PROJECTS\ANIMATOR\ANISKELS12\DEBUG\MARCHING_CUBE.OBJ
C:\WORKSPACE\GRAPHICS PROJECTS\ANIMATOR\ANISKELS12\DEBUG\MARCHING_CUBE.SBR
C:\WORKSPACE\GRAPHICS PROJECTS\ANIMATOR\ANISKELS12\DEBUG\META_DRAWING.OBJ
C:\WORKSPACE\GRAPHICS PROJECTS\ANIMATOR\ANISKELS12\DEBUG\META_DRAWING.SBR
C:\WORKSPACE\GRAPHICS PROJECTS\ANIMATOR\ANISKELS12\DEBUG\MODELER.EXE.EMBED.MANIFEST
C:\WORKSPACE\GRAPHICS PROJECTS\ANIMATOR\ANISKELS12\DEBUG\MODELER.EXE.EMBED.MANIFEST.RES
C:\Workspace\Graphics Projects\Animator\AniSkelS12\Debug\modeler.exe.intermediate.manifest
C:\Workspace\Graphics Projects\Animator\AniSkelS12\Debug\modeler_manifest.rc
C:\WORKSPACE\GRAPHICS PROJECTS\ANIMATOR\ANISKELS12\DEBUG\MODELERAPP.OBJ
C:\WORKSPACE\GRAPHICS PROJECTS\ANIMATOR\ANISKELS12\DEBUG\MODELERAPP.SBR
C:\WORKSPACE\GRAPHICS PROJECTS\ANIMATOR\ANISKELS12\DEBUG\MODELERDRAW.OBJ
C:\WORKSPACE\GRAPHICS PROJECTS\ANIMATOR\ANISKELS12\DEBUG\MODELERDRAW.SBR
C:\WORKSPACE\GRAPHICS PROJECTS\ANIMATOR\ANISKELS12\DEBUG\MODELERUI.OBJ
C:\WORKSPACE\GRAPHICS PROJECTS\ANIMATOR\ANISKELS12\DEBUG\MODELERUI.SBR
C:\WORKSPACE\GRAPHICS PROJECTS\ANIMATOR\ANISKELS12\DEBUG\MODELERUIWINDOWS.OBJ
C:\WORKSPACE\GRAPHICS PROJECTS\ANIMATOR\ANISKELS12\DEBUG\MODELERUIWINDOWS.SBR
C:\WORKSPACE\GRAPHICS PROJECTS\ANIMATOR\ANISKELS12\DEBUG\MODELERVIEW.OBJ
C:\WORKSPACE\GRAPHICS PROJECTS\ANIMATOR\ANISKELS12\DEBUG\MODELERVIEW.SBR
C:\Workspace\Graphics Projects\Animator\AniSkelS12\Debug\mt.command.1.tlog
C:\Workspace\Graphics Projects\Animator\AniSkelS12\Debug\mt.read.1.tlog
C:\Workspace\Graphics Projects\Animator\AniSkelS12\Debug\mt.write.1.tlog
C:\WORKSPACE\GRAPHICS PROJECTS\ANIMATOR\ANISKELS12\DEBUG\PARTICLE.OBJ
C:\WORKSPACE\GRAPHICS PROJECTS\ANIMATOR\ANISKELS12\DEBUG\PARTICLE.SBR
C:\WORKSPACE\GRAPHICS PROJECTS\ANIMATOR\ANISKELS12\DEBUG\PARTICLESYSTEM.OBJ
C:\WORKSPACE\GRAPHICS PROJECTS\ANIMATOR\ANISKELS12\DEBUG\PARTICLESYSTEM.SBR
C:\WORKSPACE\GRAPHICS PROJECTS\ANIMATOR\ANISKELS12\DEBUG\POINT.OBJ
C:\WORKSPACE\GRAPHICS PROJECTS\ANIMATOR\ANISKELS12\DEBUG\POINT.SBR
C:\WORKSPACE\GRAPHICS PROJECTS\ANIMATOR\ANISKELS12\DEBUG\POINTOBJ.OBJ
C:\WORKSPACE\GRAPHICS PROJECTS\ANIMATOR\ANISKELS12\DEBUG\POINTOBJ.SBR
C:\Workspace\Graphics Projects\Animator\AniSkelS12\Debug\rc.command.1.tlog
C:\Workspace\Graphics Projects\Animator\AniSkelS12\Debug\rc.read.1.tlog
C:\Workspace\Graphics Projects\Animator\AniSkelS12\Debug\rc.write.1.tlog
C:\WORKSPACE\GRAPHICS PROJECTS\ANIMATOR\ANISKELS12\DEBUG\RECT.OBJ
C:\WORKSPACE\GRAPHICS PROJECTS\ANIMATOR\ANISKELS12\DEBUG\RECT.SBR
C:\WORKSPACE\GRAPHICS PROJECTS\ANIMATOR\ANISKELS12\DEBUG\RULERWINDOW.OBJ
C:\WORKSPACE\GRAPHICS PROJECTS\ANIMATOR\ANISKELS12\DEBUG\RULERWINDOW.SBR
C:\WORKSPACE\GRAPHICS PROJECTS\ANIMATOR\ANISKELS12\DEBUG\SPIDER.OBJ
C:\WORKSPACE\GRAPHICS PROJECTS\ANIMATOR\ANISKELS12\DEBUG\SPIDER.SBR
C:\Workspace\Graphics Projects\Animator\AniSkelS12\Debug\vc100.idb
C:\WORKSPACE\GRAPHICS PROJECTS\ANIMATOR\ANISKELS12\DEBUG\VC100.PDB
